2026-06-23 22:17:59,067 | INFO | Pipeline started
2026-06-23 22:17:59,068 | INFO | Starting zone: CAC
2026-06-23 22:18:15,823 | INFO | Downloaded fresh file: http://sothailand.com/centerimg/CAC_Lag123.csv
2026-06-23 22:18:16,365 | INFO | Downloaded fresh file: http://sothailand.com/centerimg/CAC_test_Lag123.csv
2026-06-23 22:19:42,906 | INFO | Finished zone: CAC
2026-06-23 22:19:42,910 | INFO | Starting zone: MAC
2026-06-23 22:19:54,045 | INFO | Downloaded fresh file: http://sothailand.com/centerimg/MAC_Lag123.csv
2026-06-23 22:19:54,595 | INFO | Downloaded fresh file: http://sothailand.com/centerimg/MAC_test_Lag123.csv
2026-06-23 22:22:26,287 | INFO | Finished zone: MAC
2026-06-23 22:22:26,289 | INFO | Starting zone: NAC
2026-06-23 22:22:38,960 | INFO | Downloaded fresh file: http://sothailand.com/centerimg/NAC_Lag123.csv
2026-06-23 22:22:39,412 | INFO | Downloaded fresh file: http://sothailand.com/centerimg/NAC_test_Lag123.csv
2026-06-23 22:24:58,139 | INFO | Finished zone: NAC
2026-06-23 22:24:58,142 | INFO | Starting zone: NEC
2026-06-23 22:25:11,323 | INFO | Downloaded fresh file: http://sothailand.com/centerimg/NEC_Lag123.csv
2026-06-23 22:25:11,790 | INFO | Downloaded fresh file: http://sothailand.com/centerimg/NEC_test_Lag123.csv
2026-06-23 22:26:22,405 | INFO | Finished zone: NEC
2026-06-23 22:26:22,411 | INFO | Starting zone: SAC
2026-06-23 22:26:35,176 | INFO | Downloaded fresh file: http://sothailand.com/centerimg/SAC_Lag123.csv
2026-06-23 22:26:35,744 | INFO | Downloaded fresh file: http://sothailand.com/centerimg/SAC_test_Lag123.csv
2026-06-23 22:29:06,158 | INFO | Finished zone: SAC
2026-06-23 22:29:06,216 | INFO | Pipeline finished successfully
2026-06-23 23:01:20,184 | INFO | Pipeline started
2026-06-23 23:01:20,185 | INFO | Starting zone: CAC
2026-06-23 23:01:38,200 | INFO | Downloaded fresh file: http://sothailand.com/centerimg/CAC_Lag123.csv
2026-06-23 23:01:38,718 | INFO | Downloaded fresh file: http://sothailand.com/centerimg/CAC_test_Lag123.csv
2026-06-23 23:04:14,729 | INFO | Finished zone: CAC
2026-06-23 23:04:14,759 | INFO | Starting zone: MAC
2026-06-23 23:04:26,799 | INFO | Downloaded fresh file: http://sothailand.com/centerimg/MAC_Lag123.csv
2026-06-23 23:04:27,433 | INFO | Downloaded fresh file: http://sothailand.com/centerimg/MAC_test_Lag123.csv
2026-06-23 23:06:19,676 | INFO | Finished zone: MAC
2026-06-23 23:06:19,678 | INFO | Starting zone: NAC
2026-06-23 23:06:32,110 | INFO | Downloaded fresh file: http://sothailand.com/centerimg/NAC_Lag123.csv
2026-06-23 23:06:32,614 | INFO | Downloaded fresh file: http://sothailand.com/centerimg/NAC_test_Lag123.csv
2026-06-23 23:07:50,611 | INFO | Finished zone: NAC
2026-06-23 23:07:50,613 | INFO | Starting zone: NEC
2026-06-23 23:08:06,991 | INFO | Downloaded fresh file: http://sothailand.com/centerimg/NEC_Lag123.csv
2026-06-23 23:08:07,511 | INFO | Downloaded fresh file: http://sothailand.com/centerimg/NEC_test_Lag123.csv
2026-06-23 23:09:17,909 | INFO | Finished zone: NEC
2026-06-23 23:09:17,911 | INFO | Starting zone: SAC
2026-06-23 23:09:31,318 | INFO | Downloaded fresh file: http://sothailand.com/centerimg/SAC_Lag123.csv
2026-06-23 23:09:31,766 | INFO | Downloaded fresh file: http://sothailand.com/centerimg/SAC_test_Lag123.csv
2026-06-23 23:11:59,463 | INFO | Finished zone: SAC
2026-06-23 23:11:59,558 | INFO | Pipeline finished successfully
2026-06-23 23:24:50,329 | INFO | Pipeline started
2026-06-23 23:24:50,330 | INFO | Starting zone: CAC
2026-06-23 23:25:04,019 | INFO | Downloaded fresh file: http://sothailand.com/centerimg/CAC_Lag123.csv
2026-06-23 23:25:04,612 | INFO | Downloaded fresh file: http://sothailand.com/centerimg/CAC_test_Lag123.csv
2026-06-23 23:27:06,539 | INFO | Finished zone: CAC
2026-06-23 23:27:06,548 | INFO | Starting zone: MAC
2026-06-23 23:27:19,857 | INFO | Downloaded fresh file: http://sothailand.com/centerimg/MAC_Lag123.csv
2026-06-23 23:27:20,369 | INFO | Downloaded fresh file: http://sothailand.com/centerimg/MAC_test_Lag123.csv
2026-06-23 23:28:48,943 | INFO | Finished zone: MAC
2026-06-23 23:28:48,945 | INFO | Starting zone: NAC
2026-06-23 23:29:00,626 | INFO | Downloaded fresh file: http://sothailand.com/centerimg/NAC_Lag123.csv
2026-06-23 23:29:01,187 | INFO | Downloaded fresh file: http://sothailand.com/centerimg/NAC_test_Lag123.csv
2026-06-23 23:30:44,321 | INFO | Finished zone: NAC
2026-06-23 23:30:44,327 | INFO | Starting zone: NEC
2026-06-23 23:30:57,443 | INFO | Downloaded fresh file: http://sothailand.com/centerimg/NEC_Lag123.csv
2026-06-23 23:30:57,917 | INFO | Downloaded fresh file: http://sothailand.com/centerimg/NEC_test_Lag123.csv
2026-06-23 23:33:02,226 | INFO | Finished zone: NEC
2026-06-23 23:33:02,232 | INFO | Starting zone: SAC
2026-06-23 23:33:17,385 | INFO | Downloaded fresh file: http://sothailand.com/centerimg/SAC_Lag123.csv
2026-06-23 23:33:17,852 | INFO | Downloaded fresh file: http://sothailand.com/centerimg/SAC_test_Lag123.csv
2026-06-23 23:34:29,289 | INFO | Finished zone: SAC
2026-06-23 23:34:29,353 | INFO | Pipeline finished successfully
2026-06-24 00:25:52,994 | INFO | Pipeline started
2026-06-24 00:25:52,994 | INFO | Starting zone: CAC
2026-06-24 00:26:07,757 | INFO | Downloaded fresh file: http://sothailand.com/centerimg/CAC_Lag123.csv
2026-06-24 00:26:08,463 | INFO | Downloaded fresh file: http://sothailand.com/centerimg/CAC_test_Lag123.csv
2026-06-24 00:27:20,424 | INFO | Finished zone: CAC
2026-06-24 00:27:20,426 | INFO | Starting zone: MAC
2026-06-24 00:27:33,938 | INFO | Downloaded fresh file: http://sothailand.com/centerimg/MAC_Lag123.csv
2026-06-24 00:27:34,450 | INFO | Downloaded fresh file: http://sothailand.com/centerimg/MAC_test_Lag123.csv
2026-06-24 00:28:52,248 | INFO | Finished zone: MAC
2026-06-24 00:28:52,251 | INFO | Starting zone: NAC
2026-06-24 00:29:03,750 | INFO | Downloaded fresh file: http://sothailand.com/centerimg/NAC_Lag123.csv
2026-06-24 00:29:04,150 | INFO | Downloaded fresh file: http://sothailand.com/centerimg/NAC_test_Lag123.csv
2026-06-24 00:31:01,217 | INFO | Finished zone: NAC
2026-06-24 00:31:01,226 | INFO | Starting zone: NEC
2026-06-24 00:31:13,645 | INFO | Downloaded fresh file: http://sothailand.com/centerimg/NEC_Lag123.csv
2026-06-24 00:31:14,146 | INFO | Downloaded fresh file: http://sothailand.com/centerimg/NEC_test_Lag123.csv
2026-06-24 00:33:37,828 | INFO | Finished zone: NEC
2026-06-24 00:33:37,839 | INFO | Starting zone: SAC
2026-06-24 00:33:49,600 | INFO | Downloaded fresh file: http://sothailand.com/centerimg/SAC_Lag123.csv
2026-06-24 00:33:50,169 | INFO | Downloaded fresh file: http://sothailand.com/centerimg/SAC_test_Lag123.csv
2026-06-24 00:35:02,190 | INFO | Finished zone: SAC
2026-06-24 00:35:02,255 | INFO | Pipeline finished successfully
2026-06-24 00:41:26,853 | INFO | Pipeline started
2026-06-24 00:41:26,853 | INFO | Starting zone: CAC
2026-06-24 00:41:40,169 | INFO | Downloaded fresh file: http://sothailand.com/centerimg/CAC_Lag123.csv
2026-06-24 00:41:40,749 | INFO | Downloaded fresh file: http://sothailand.com/centerimg/CAC_test_Lag123.csv
2026-06-24 00:43:44,407 | INFO | Finished zone: CAC
2026-06-24 00:43:44,415 | INFO | Starting zone: MAC
2026-06-24 00:43:56,276 | INFO | Downloaded fresh file: http://sothailand.com/centerimg/MAC_Lag123.csv
2026-06-24 00:43:56,831 | INFO | Downloaded fresh file: http://sothailand.com/centerimg/MAC_test_Lag123.csv
2026-06-24 00:45:00,938 | INFO | Finished zone: MAC
2026-06-24 00:45:00,946 | INFO | Starting zone: NAC
2026-06-24 00:45:13,723 | INFO | Downloaded fresh file: http://sothailand.com/centerimg/NAC_Lag123.csv
2026-06-24 00:45:14,095 | INFO | Downloaded fresh file: http://sothailand.com/centerimg/NAC_test_Lag123.csv
2026-06-24 00:47:00,644 | INFO | Finished zone: NAC
2026-06-24 00:47:00,647 | INFO | Starting zone: NEC
2026-06-24 00:47:13,071 | INFO | Downloaded fresh file: http://sothailand.com/centerimg/NEC_Lag123.csv
2026-06-24 00:47:13,557 | INFO | Downloaded fresh file: http://sothailand.com/centerimg/NEC_test_Lag123.csv
2026-06-24 00:49:44,257 | INFO | Finished zone: NEC
2026-06-24 00:49:44,262 | INFO | Starting zone: SAC
2026-06-24 00:49:58,814 | INFO | Downloaded fresh file: http://sothailand.com/centerimg/SAC_Lag123.csv
2026-06-24 00:49:59,396 | INFO | Downloaded fresh file: http://sothailand.com/centerimg/SAC_test_Lag123.csv
2026-06-24 00:51:31,668 | INFO | Finished zone: SAC
2026-06-24 00:51:31,724 | INFO | Pipeline finished successfully
2026-06-24 14:24:41,343 | INFO | Pipeline started  (run_timestamp=20260624_142441)
2026-06-24 14:24:41,343 | INFO | Starting zone: CAC
2026-06-24 14:25:21,476 | INFO | Downloaded fresh file: http://sothailand.com/centerimg/CAC_Lag123.csv
2026-06-24 14:25:22,218 | INFO | Downloaded fresh file: http://sothailand.com/centerimg/CAC_test_Lag123.csv
2026-06-24 14:25:57,074 | INFO | Finished zone: CAC
2026-06-24 14:25:57,076 | INFO | Starting zone: MAC
2026-06-24 14:26:32,947 | INFO | Downloaded fresh file: http://sothailand.com/centerimg/MAC_Lag123.csv
2026-06-24 14:26:33,631 | INFO | Downloaded fresh file: http://sothailand.com/centerimg/MAC_test_Lag123.csv
2026-06-24 14:27:14,937 | INFO | Finished zone: MAC
2026-06-24 14:27:14,940 | INFO | Starting zone: NAC
2026-06-24 14:27:43,029 | INFO | Downloaded fresh file: http://sothailand.com/centerimg/NAC_Lag123.csv
2026-06-24 14:27:43,626 | INFO | Downloaded fresh file: http://sothailand.com/centerimg/NAC_test_Lag123.csv
2026-06-24 14:28:25,182 | INFO | Finished zone: NAC
2026-06-24 14:28:25,186 | INFO | Starting zone: NEC
2026-06-24 14:29:20,241 | INFO | Downloaded fresh file: http://sothailand.com/centerimg/NEC_Lag123.csv
2026-06-24 14:29:20,905 | INFO | Downloaded fresh file: http://sothailand.com/centerimg/NEC_test_Lag123.csv
2026-06-24 14:31:02,346 | INFO | Finished zone: NEC
2026-06-24 14:31:02,356 | INFO | Starting zone: SAC
2026-06-24 14:31:30,591 | INFO | Downloaded fresh file: http://sothailand.com/centerimg/SAC_Lag123.csv
2026-06-24 14:31:31,207 | INFO | Downloaded fresh file: http://sothailand.com/centerimg/SAC_test_Lag123.csv
2026-06-24 14:32:07,292 | INFO | Finished zone: SAC
2026-06-24 14:32:07,405 | INFO | CSV exports complete
2026-06-24 14:32:07,426 | INFO | Decision dashboard built (5 zones)
2026-06-24 14:32:08,980 | INFO | Excel report written → /Users/noeiibibi/Documents/multi-region-load-forecasting/output/load_forecast_report.xlsx
2026-06-24 14:32:08,980 | INFO | Pipeline finished successfully (run_timestamp=20260624_142441)
2026-06-25 08:46:06,564 | INFO | Pipeline started  (run_timestamp=20260625_084606)
2026-06-25 08:46:06,565 | INFO | Starting zone: CAC
2026-06-25 08:46:26,172 | INFO | Downloaded fresh file: http://sothailand.com/centerimg/CAC_Lag123.csv
2026-06-25 08:46:26,891 | INFO | Downloaded fresh file: http://sothailand.com/centerimg/CAC_test_Lag123.csv
2026-06-25 08:52:23,356 | INFO | Pipeline started  (run_timestamp=20260625_085223)
2026-06-25 08:52:23,357 | INFO | Starting zone: CAC
2026-06-25 08:52:40,742 | INFO | Downloaded fresh file: http://sothailand.com/centerimg/CAC_Lag123.csv
2026-06-25 08:52:41,262 | INFO | Downloaded fresh file: http://sothailand.com/centerimg/CAC_test_Lag123.csv
2026-06-25 08:53:16,290 | INFO | Finished zone: CAC
2026-06-25 08:53:16,294 | INFO | Starting zone: MAC
2026-06-25 08:53:34,038 | INFO | Downloaded fresh file: http://sothailand.com/centerimg/MAC_Lag123.csv
2026-06-25 08:53:34,432 | INFO | Downloaded fresh file: http://sothailand.com/centerimg/MAC_test_Lag123.csv
2026-06-25 08:54:16,139 | INFO | Finished zone: MAC
2026-06-25 08:54:16,143 | INFO | Starting zone: NAC
2026-06-25 08:54:33,323 | INFO | Downloaded fresh file: http://sothailand.com/centerimg/NAC_Lag123.csv
2026-06-25 08:54:33,738 | INFO | Downloaded fresh file: http://sothailand.com/centerimg/NAC_test_Lag123.csv
2026-06-25 08:55:16,386 | INFO | Finished zone: NAC
2026-06-25 08:55:16,398 | INFO | Starting zone: NEC
2026-06-25 08:55:36,809 | INFO | Downloaded fresh file: http://sothailand.com/centerimg/NEC_Lag123.csv
2026-06-25 08:55:37,486 | INFO | Downloaded fresh file: http://sothailand.com/centerimg/NEC_test_Lag123.csv
2026-06-25 08:57:20,895 | INFO | Finished zone: NEC
2026-06-25 08:57:20,903 | INFO | Starting zone: SAC
2026-06-25 08:57:41,673 | INFO | Downloaded fresh file: http://sothailand.com/centerimg/SAC_Lag123.csv
2026-06-25 08:57:42,222 | INFO | Downloaded fresh file: http://sothailand.com/centerimg/SAC_test_Lag123.csv
2026-06-25 08:58:18,119 | INFO | Finished zone: SAC
2026-06-25 08:58:18,240 | INFO | CSV exports complete
2026-06-25 08:58:18,266 | INFO | Decision dashboard built (5 zones)
2026-06-25 08:58:19,856 | INFO | Excel report written → /Users/noeiibibi/Documents/multi-region-load-forecasting/output/load_forecast_report.xlsx
2026-06-25 08:58:19,856 | INFO | Pipeline finished successfully (run_timestamp=20260625_085223)
2026-06-25 22:47:11,454 | INFO | Pipeline started  (run_timestamp=20260625_224711)
2026-06-25 22:47:11,454 | INFO | Starting zone: CAC
2026-06-25 22:47:26,358 | INFO | Downloaded fresh file: http://sothailand.com/centerimg/CAC_Lag123.csv
2026-06-25 22:47:27,083 | INFO | Downloaded fresh file: http://sothailand.com/centerimg/CAC_test_Lag123.csv
2026-06-25 22:48:05,416 | INFO | Finished zone: CAC
2026-06-25 22:48:05,418 | INFO | Starting zone: MAC
2026-06-25 22:48:24,483 | INFO | Downloaded fresh file: http://sothailand.com/centerimg/MAC_Lag123.csv
2026-06-25 22:48:24,946 | INFO | Downloaded fresh file: http://sothailand.com/centerimg/MAC_test_Lag123.csv
2026-06-25 22:49:46,453 | INFO | Finished zone: MAC
2026-06-25 22:49:46,457 | INFO | Starting zone: NAC
2026-06-25 22:50:06,595 | INFO | Downloaded fresh file: http://sothailand.com/centerimg/NAC_Lag123.csv
2026-06-25 22:50:07,187 | INFO | Downloaded fresh file: http://sothailand.com/centerimg/NAC_test_Lag123.csv
2026-06-25 22:50:49,467 | INFO | Finished zone: NAC
2026-06-25 22:50:49,469 | INFO | Starting zone: NEC
2026-06-25 22:51:09,019 | INFO | Downloaded fresh file: http://sothailand.com/centerimg/NEC_Lag123.csv
2026-06-25 22:51:09,563 | INFO | Downloaded fresh file: http://sothailand.com/centerimg/NEC_test_Lag123.csv
2026-06-25 22:53:11,113 | INFO | Finished zone: NEC
2026-06-25 22:53:11,118 | INFO | Starting zone: SAC
2026-06-25 22:53:24,155 | INFO | Downloaded fresh file: http://sothailand.com/centerimg/SAC_Lag123.csv
2026-06-25 22:53:24,849 | INFO | Downloaded fresh file: http://sothailand.com/centerimg/SAC_test_Lag123.csv
2026-06-25 22:54:07,976 | INFO | Finished zone: SAC
2026-06-25 22:54:08,095 | INFO | CSV exports complete
2026-06-25 22:54:08,118 | INFO | Decision dashboard built (5 zones)
2026-06-25 22:54:09,635 | INFO | Excel report written → /Users/noeiibibi/Documents/multi-region-load-forecasting/multi-region-load-forecasting/output/load_forecast_report.xlsx
2026-06-25 22:54:09,635 | INFO | Pipeline finished successfully (run_timestamp=20260625_224711)
2026-06-25 23:17:27,776 | INFO | Pipeline started  (run_timestamp=20260625_231727)
2026-06-25 23:17:27,776 | INFO | Starting zone: CAC
2026-06-25 23:17:48,622 | INFO | Downloaded fresh file: http://sothailand.com/centerimg/CAC_Lag123.csv
2026-06-25 23:17:49,325 | INFO | Downloaded fresh file: http://sothailand.com/centerimg/CAC_test_Lag123.csv
2026-06-25 23:18:24,768 | INFO | Finished zone: CAC
2026-06-25 23:18:24,769 | INFO | Starting zone: MAC
2026-06-25 23:18:48,520 | INFO | Downloaded fresh file: http://sothailand.com/centerimg/MAC_Lag123.csv
2026-06-25 23:18:48,921 | INFO | Downloaded fresh file: http://sothailand.com/centerimg/MAC_test_Lag123.csv
2026-06-25 23:20:09,061 | INFO | Finished zone: MAC
2026-06-25 23:20:09,065 | INFO | Starting zone: NAC
2026-06-25 23:20:25,277 | INFO | Downloaded fresh file: http://sothailand.com/centerimg/NAC_Lag123.csv
2026-06-25 23:20:25,955 | INFO | Downloaded fresh file: http://sothailand.com/centerimg/NAC_test_Lag123.csv
2026-06-25 23:21:09,427 | INFO | Finished zone: NAC
2026-06-25 23:21:09,429 | INFO | Starting zone: NEC
2026-06-25 23:21:24,116 | INFO | Downloaded fresh file: http://sothailand.com/centerimg/NEC_Lag123.csv
2026-06-25 23:21:24,683 | INFO | Downloaded fresh file: http://sothailand.com/centerimg/NEC_test_Lag123.csv
2026-06-25 23:23:25,020 | INFO | Finished zone: NEC
2026-06-25 23:23:25,024 | INFO | Starting zone: SAC
2026-06-25 23:23:39,361 | INFO | Downloaded fresh file: http://sothailand.com/centerimg/SAC_Lag123.csv
2026-06-25 23:23:39,911 | INFO | Downloaded fresh file: http://sothailand.com/centerimg/SAC_test_Lag123.csv
2026-06-25 23:24:22,682 | INFO | Finished zone: SAC
2026-06-25 23:24:22,805 | INFO | CSV exports complete
2026-06-25 23:24:22,826 | INFO | Decision dashboard built (5 zones)
2026-06-25 23:24:24,297 | INFO | Excel report written → /Users/noeiibibi/Documents/multi-region-load-forecasting/Egat_forecasting/output/load_forecast_report.xlsx
2026-06-25 23:24:24,298 | INFO | Pipeline finished successfully (run_timestamp=20260625_231727)
2026-06-26 07:58:17,661 | INFO | Pipeline started  (run_timestamp=20260626_075817)
2026-06-26 07:58:17,661 | INFO | Starting zone: CAC
2026-06-26 07:58:46,439 | INFO | Downloaded fresh file: http://sothailand.com/centerimg/CAC_Lag123.csv
2026-06-26 07:58:46,923 | INFO | Downloaded fresh file: http://sothailand.com/centerimg/CAC_test_Lag123.csv
2026-06-26 07:59:22,813 | INFO | Finished zone: CAC
2026-06-26 07:59:22,815 | INFO | Starting zone: MAC
2026-06-26 07:59:41,872 | INFO | Downloaded fresh file: http://sothailand.com/centerimg/MAC_Lag123.csv
2026-06-26 07:59:42,448 | INFO | Downloaded fresh file: http://sothailand.com/centerimg/MAC_test_Lag123.csv
2026-06-26 08:01:01,393 | INFO | Finished zone: MAC
2026-06-26 08:01:01,395 | INFO | Starting zone: NAC
2026-06-26 08:01:19,211 | INFO | Downloaded fresh file: http://sothailand.com/centerimg/NAC_Lag123.csv
2026-06-26 08:01:19,691 | INFO | Downloaded fresh file: http://sothailand.com/centerimg/NAC_test_Lag123.csv
2026-06-26 08:02:01,739 | INFO | Finished zone: NAC
2026-06-26 08:02:01,742 | INFO | Starting zone: NEC
2026-06-26 08:02:19,162 | INFO | Downloaded fresh file: http://sothailand.com/centerimg/NEC_Lag123.csv
2026-06-26 08:02:19,704 | INFO | Downloaded fresh file: http://sothailand.com/centerimg/NEC_test_Lag123.csv
2026-06-26 08:04:15,865 | INFO | Finished zone: NEC
2026-06-26 08:04:15,868 | INFO | Starting zone: SAC
2026-06-26 08:04:39,088 | INFO | Downloaded fresh file: http://sothailand.com/centerimg/SAC_Lag123.csv
2026-06-26 08:04:39,633 | INFO | Downloaded fresh file: http://sothailand.com/centerimg/SAC_test_Lag123.csv
2026-06-26 08:05:23,709 | INFO | Finished zone: SAC
2026-06-26 08:05:23,869 | INFO | CSV exports complete
2026-06-26 08:05:23,909 | INFO | Decision dashboard built (5 zones)
2026-06-26 08:05:25,356 | INFO | Excel report written → /Users/noeiibibi/Documents/multi-region-load-forecasting/Egat_forecasting/output/load_forecast_report.xlsx
2026-06-26 08:05:25,356 | INFO | Pipeline finished successfully (run_timestamp=20260626_075817)
2026-06-26 10:35:32,642 | INFO | Pipeline started  (run_timestamp=20260626_103532)
2026-06-26 10:35:32,642 | INFO | Starting zone: CAC
2026-06-26 10:35:51,895 | INFO | Downloaded fresh file: http://sothailand.com/centerimg/CAC_Lag123.csv
2026-06-26 10:35:52,472 | INFO | Downloaded fresh file: http://sothailand.com/centerimg/CAC_test_Lag123.csv
2026-06-26 10:36:29,762 | INFO | Finished zone: CAC
2026-06-26 10:36:29,768 | INFO | Starting zone: MAC
2026-06-26 10:36:46,661 | INFO | Downloaded fresh file: http://sothailand.com/centerimg/MAC_Lag123.csv
2026-06-26 10:36:47,201 | INFO | Downloaded fresh file: http://sothailand.com/centerimg/MAC_test_Lag123.csv
2026-06-26 10:37:46,343 | INFO | Finished zone: MAC
2026-06-26 10:37:46,350 | INFO | Starting zone: NAC
2026-06-26 10:38:04,100 | INFO | Downloaded fresh file: http://sothailand.com/centerimg/NAC_Lag123.csv
2026-06-26 10:38:04,568 | INFO | Downloaded fresh file: http://sothailand.com/centerimg/NAC_test_Lag123.csv
2026-06-26 10:38:48,554 | INFO | Finished zone: NAC
2026-06-26 10:38:48,559 | INFO | Starting zone: NEC
2026-06-26 10:39:04,996 | INFO | Downloaded fresh file: http://sothailand.com/centerimg/NEC_Lag123.csv
2026-06-26 10:39:05,475 | INFO | Downloaded fresh file: http://sothailand.com/centerimg/NEC_test_Lag123.csv
2026-06-26 10:40:26,280 | INFO | Finished zone: NEC
2026-06-26 10:40:26,286 | INFO | Starting zone: SAC
2026-06-26 10:40:46,104 | INFO | Downloaded fresh file: http://sothailand.com/centerimg/SAC_Lag123.csv
2026-06-26 10:40:46,630 | INFO | Downloaded fresh file: http://sothailand.com/centerimg/SAC_test_Lag123.csv
2026-06-26 10:41:21,568 | INFO | Finished zone: SAC
2026-06-26 10:41:21,745 | INFO | CSV exports complete
2026-06-26 10:41:21,775 | INFO | Decision dashboard built (5 zones)
2026-06-26 10:41:23,198 | INFO | Excel report written → /Users/noeiibibi/Documents/multi-region-load-forecasting/Egat_forecasting/output/load_forecast_report.xlsx
2026-06-26 10:41:23,198 | INFO | Pipeline finished successfully (run_timestamp=20260626_103532)
2026-06-27 21:04:24,056 | INFO | Pipeline started  (run_timestamp=20260627_210424)
2026-06-27 21:04:24,057 | INFO | Starting zone: CAC
2026-06-27 21:04:39,827 | INFO | Downloaded fresh file: http://sothailand.com/centerimg/CAC_Lag123.csv
2026-06-27 21:04:40,378 | INFO | Downloaded fresh file: http://sothailand.com/centerimg/CAC_test_Lag123.csv
2026-06-27 21:08:27,590 | INFO | Pipeline started  (run_timestamp=20260627_210827)
2026-06-27 21:08:27,590 | INFO | Starting zone: CAC
2026-06-27 21:08:44,119 | INFO | Downloaded fresh file: http://sothailand.com/centerimg/CAC_Lag123.csv
2026-06-27 21:08:44,657 | INFO | Downloaded fresh file: http://sothailand.com/centerimg/CAC_test_Lag123.csv
2026-06-27 21:09:56,196 | INFO | Finished zone: CAC
2026-06-27 21:09:56,201 | INFO | Starting zone: MAC
2026-06-27 21:10:09,842 | INFO | Downloaded fresh file: http://sothailand.com/centerimg/MAC_Lag123.csv
2026-06-27 21:10:10,435 | INFO | Downloaded fresh file: http://sothailand.com/centerimg/MAC_test_Lag123.csv
2026-06-27 21:12:13,063 | INFO | Finished zone: MAC
2026-06-27 21:12:13,066 | INFO | Starting zone: NAC
2026-06-27 21:12:27,523 | INFO | Downloaded fresh file: http://sothailand.com/centerimg/NAC_Lag123.csv
2026-06-27 21:12:28,119 | INFO | Downloaded fresh file: http://sothailand.com/centerimg/NAC_test_Lag123.csv
2026-06-27 21:13:56,583 | INFO | Finished zone: NAC
2026-06-27 21:13:56,584 | INFO | Starting zone: NEC
2026-06-27 21:14:08,973 | INFO | Downloaded fresh file: http://sothailand.com/centerimg/NEC_Lag123.csv
2026-06-27 21:14:09,463 | INFO | Downloaded fresh file: http://sothailand.com/centerimg/NEC_test_Lag123.csv
2026-06-27 21:17:01,456 | INFO | Finished zone: NEC
2026-06-27 21:17:01,458 | INFO | Starting zone: SAC
2026-06-27 21:17:14,390 | INFO | Downloaded fresh file: http://sothailand.com/centerimg/SAC_Lag123.csv
2026-06-27 21:17:14,897 | INFO | Downloaded fresh file: http://sothailand.com/centerimg/SAC_test_Lag123.csv
2026-06-27 21:18:26,869 | INFO | Finished zone: SAC
2026-06-27 21:18:27,041 | INFO | CSV exports complete
2026-06-27 21:18:27,070 | INFO | Decision dashboard built (5 zones)
2026-06-27 21:18:28,779 | INFO | Excel report written → /Users/noeiibibi/Documents/multi-region-load-forecasting/Egat_forecasting/output/load_forecast_report.xlsx
2026-06-27 21:18:28,779 | INFO | Pipeline finished successfully (run_timestamp=20260627_210827)
2026-06-28 23:08:04,683 | INFO | Pipeline started  (run_timestamp=20260628_230804)
2026-06-28 23:08:04,683 | INFO | Starting zone: CAC
2026-06-28 23:08:20,843 | INFO | Downloaded fresh file: http://sothailand.com/centerimg/CAC_Lag123.csv
2026-06-28 23:08:21,404 | INFO | Downloaded fresh file: http://sothailand.com/centerimg/CAC_test_Lag123.csv
2026-06-28 23:09:34,325 | INFO | Finished zone: CAC
2026-06-28 23:09:34,327 | INFO | Starting zone: MAC
2026-06-28 23:09:48,256 | INFO | Downloaded fresh file: http://sothailand.com/centerimg/MAC_Lag123.csv
2026-06-28 23:09:48,843 | INFO | Downloaded fresh file: http://sothailand.com/centerimg/MAC_test_Lag123.csv
2026-06-28 23:11:51,416 | INFO | Finished zone: MAC
2026-06-28 23:11:51,417 | INFO | Starting zone: NAC
2026-06-28 23:12:03,623 | INFO | Downloaded fresh file: http://sothailand.com/centerimg/NAC_Lag123.csv
2026-06-28 23:12:04,138 | INFO | Downloaded fresh file: http://sothailand.com/centerimg/NAC_test_Lag123.csv
2026-06-28 23:13:33,654 | INFO | Finished zone: NAC
2026-06-28 23:13:33,656 | INFO | Starting zone: NEC
2026-06-28 23:13:46,895 | INFO | Downloaded fresh file: http://sothailand.com/centerimg/NEC_Lag123.csv
2026-06-28 23:13:47,534 | INFO | Downloaded fresh file: http://sothailand.com/centerimg/NEC_test_Lag123.csv
2026-06-28 23:16:38,559 | INFO | Finished zone: NEC
2026-06-28 23:16:38,562 | INFO | Starting zone: SAC
2026-06-28 23:16:51,911 | INFO | Downloaded fresh file: http://sothailand.com/centerimg/SAC_Lag123.csv
2026-06-28 23:16:52,512 | INFO | Downloaded fresh file: http://sothailand.com/centerimg/SAC_test_Lag123.csv
2026-06-28 23:18:04,174 | INFO | Finished zone: SAC
2026-06-28 23:18:04,327 | INFO | CSV exports complete
2026-06-28 23:18:04,357 | INFO | Decision dashboard built (5 zones)
2026-06-28 23:18:06,011 | INFO | Excel report written → /Users/noeiibibi/Documents/multi-region-load-forecasting/Egat_forecasting/output/load_forecast_report.xlsx
2026-06-28 23:18:06,011 | INFO | Pipeline finished successfully (run_timestamp=20260628_230804)
2026-06-29 08:44:46,885 | INFO | ════════════════════════════════════════════════════════════
2026-06-29 08:44:46,886 | INFO | Pipeline started  (run_timestamp=20260629_084446)
2026-06-29 08:44:46,886 | INFO | optimal_weights.json ยังไม่มี → ใช้ default weights
2026-06-29 08:44:46,886 | INFO | Starting zone: CAC
2026-06-29 08:45:04,722 | INFO | Downloaded fresh file: http://sothailand.com/centerimg/CAC_Lag123.csv
2026-06-29 08:45:05,266 | INFO | Downloaded fresh file: http://sothailand.com/centerimg/CAC_test_Lag123.csv
2026-06-29 08:46:09,267 | INFO | Finished zone: CAC
2026-06-29 08:46:09,269 | INFO | Starting zone: MAC
2026-06-29 08:46:25,460 | INFO | Downloaded fresh file: http://sothailand.com/centerimg/MAC_Lag123.csv
2026-06-29 08:46:25,978 | INFO | Downloaded fresh file: http://sothailand.com/centerimg/MAC_test_Lag123.csv
2026-06-29 08:47:28,682 | INFO | Finished zone: MAC
2026-06-29 08:47:28,684 | INFO | Starting zone: NAC
2026-06-29 08:47:44,621 | INFO | Downloaded fresh file: http://sothailand.com/centerimg/NAC_Lag123.csv
2026-06-29 08:47:45,112 | INFO | Downloaded fresh file: http://sothailand.com/centerimg/NAC_test_Lag123.csv
2026-06-29 08:49:02,901 | INFO | Finished zone: NAC
2026-06-29 08:49:02,903 | INFO | Starting zone: NEC
2026-06-29 08:49:19,172 | INFO | Downloaded fresh file: http://sothailand.com/centerimg/NEC_Lag123.csv
2026-06-29 08:49:19,710 | INFO | Downloaded fresh file: http://sothailand.com/centerimg/NEC_test_Lag123.csv
2026-06-29 08:51:21,864 | INFO | Finished zone: NEC
2026-06-29 08:51:21,872 | INFO | Starting zone: SAC
2026-06-29 08:51:40,897 | INFO | Downloaded fresh file: http://sothailand.com/centerimg/SAC_Lag123.csv
2026-06-29 08:51:42,140 | INFO | Downloaded fresh file: http://sothailand.com/centerimg/SAC_test_Lag123.csv
2026-06-29 08:52:44,298 | INFO | Finished zone: SAC
2026-06-29 08:52:44,309 | INFO | ────────────────────────────────────────
2026-06-29 08:52:44,309 | INFO | Auto-adaptation layer
2026-06-29 08:52:44,317 | WARNING | DRIFT WARNING  | MAC | z=2.02 ≥ 1.5 | เฝ้าดู — ยังไม่ trigger correction
2026-06-29 08:52:44,321 | CRITICAL | MAPE ALERT | CAC | Ensemble MAPE=18.60% > 3.0% | BIAS=-1885.3 MW
2026-06-29 08:52:44,322 | CRITICAL | MAPE ALERT | CAC | Ensemble MAPE=16.38% > 3.0% | BIAS=-1536.1 MW
2026-06-29 08:52:44,322 | CRITICAL | MAPE ALERT | MAC | Ensemble MAPE=24.15% > 3.0% | BIAS=-2512.6 MW
2026-06-29 08:52:44,323 | CRITICAL | MAPE ALERT | MAC | Ensemble MAPE=20.04% > 3.0% | BIAS=-2071.8 MW
2026-06-29 08:52:44,323 | CRITICAL | MAPE ALERT | NAC | Ensemble MAPE=19.75% > 3.0% | BIAS=-481.6 MW
2026-06-29 08:52:44,323 | CRITICAL | MAPE ALERT | NAC | Ensemble MAPE=18.77% > 3.0% | BIAS=-432.8 MW
2026-06-29 08:52:44,324 | CRITICAL | MAPE ALERT | NEC | Ensemble MAPE=15.72% > 3.0% | BIAS=-504.5 MW
2026-06-29 08:52:44,324 | CRITICAL | MAPE ALERT | NEC | Ensemble MAPE=13.47% > 3.0% | BIAS=-368.2 MW
2026-06-29 08:52:44,324 | CRITICAL | MAPE ALERT | SAC | Ensemble MAPE=15.27% > 3.0% | BIAS=-342.2 MW
2026-06-29 08:52:44,325 | CRITICAL | MAPE ALERT | SAC | Ensemble MAPE=13.73% > 3.0% | BIAS=-288.9 MW
2026-06-29 08:52:44,325 | CRITICAL | MAPE ALERTS: 10 ภาคที่ต้องการตรวจสอบ
2026-06-29 08:52:44,343 | INFO | Bias correction | CAC | UNDER-predict 43.6 MW avg จาก 184 rows → +43.6 MW จะถูกบวกใน future predictions
2026-06-29 08:52:44,343 | INFO | Bias correction | MAC | UNDER-predict 112.7 MW avg จาก 184 rows → +112.7 MW จะถูกบวกใน future predictions
2026-06-29 08:52:44,344 | INFO | Bias correction | NAC | UNDER-predict 10.9 MW avg จาก 184 rows → +10.9 MW จะถูกบวกใน future predictions
2026-06-29 08:52:44,344 | INFO | Bias correction | NEC | UNDER-predict 84.9 MW avg จาก 184 rows → +84.9 MW จะถูกบวกใน future predictions
2026-06-29 08:52:44,345 | INFO | Bias correction | SAC | UNDER-predict 18.9 MW avg จาก 184 rows → +18.9 MW จะถูกบวกใน future predictions
2026-06-29 08:52:44,346 | INFO | Bias corrections applied: {'CAC': '+43.6 MW', 'MAC': '+112.7 MW', 'NAC': '+10.9 MW', 'NEC': '+84.9 MW', 'SAC': '+18.9 MW'}
2026-06-29 08:52:44,362 | INFO | Optimal weights updated | XGB=74.0% LGBM=26.0% LSTM=0.0% → MAPE 2.142% (920 scored rows)
2026-06-29 08:52:44,362 | INFO | Optimal weights updated for next run: XGB=74.0% LGBM=26.0% LSTM=0.0%
2026-06-29 08:52:44,362 | INFO | ────────────────────────────────────────
2026-06-29 08:52:44,497 | INFO | CSV exports complete
2026-06-29 08:52:44,530 | INFO | Decision dashboard built (5 zones)
2026-06-29 08:52:45,243 | INFO | Excel report → /Users/noeiibibi/Documents/multi-region-load-forecasting/Egat_forecasting/output/load_forecast_report.xlsx
2026-06-29 08:52:45,243 | INFO | Pipeline finished successfully (run_timestamp=20260629_084446)
2026-06-29 08:52:45,243 | INFO | ════════════════════════════════════════════════════════════
2026-06-29 09:42:58,829 | INFO | ════════════════════════════════════════════════════════════
2026-06-29 09:42:58,829 | INFO | Pipeline started  (run_timestamp=20260629_094258)
2026-06-29 09:42:58,830 | INFO | Loaded optimal weights: XGB=74.0% LGBM=26.0% LSTM=0.0% (MAPE 2.142% จาก 920 rows ณ 2026-06-29T08:52:44)
2026-06-29 09:42:58,830 | INFO | Starting zone: CAC
2026-06-29 09:43:17,602 | INFO | Downloaded fresh file: http://sothailand.com/centerimg/CAC_Lag123.csv
2026-06-29 09:43:18,257 | INFO | Downloaded fresh file: http://sothailand.com/centerimg/CAC_test_Lag123.csv
2026-06-29 09:44:22,363 | INFO | Finished zone: CAC
2026-06-29 09:44:22,370 | INFO | Starting zone: MAC
2026-06-29 09:44:41,054 | INFO | Downloaded fresh file: http://sothailand.com/centerimg/MAC_Lag123.csv
2026-06-29 09:44:41,608 | INFO | Downloaded fresh file: http://sothailand.com/centerimg/MAC_test_Lag123.csv
2026-06-29 09:45:45,214 | INFO | Finished zone: MAC
2026-06-29 09:45:45,215 | INFO | Starting zone: NAC
2026-06-29 09:46:01,655 | INFO | Downloaded fresh file: http://sothailand.com/centerimg/NAC_Lag123.csv
2026-06-29 09:46:02,190 | INFO | Downloaded fresh file: http://sothailand.com/centerimg/NAC_test_Lag123.csv
2026-06-29 09:47:19,520 | INFO | Finished zone: NAC
2026-06-29 09:47:19,522 | INFO | Starting zone: NEC
2026-06-29 09:47:38,349 | INFO | Downloaded fresh file: http://sothailand.com/centerimg/NEC_Lag123.csv
2026-06-29 09:47:38,831 | INFO | Downloaded fresh file: http://sothailand.com/centerimg/NEC_test_Lag123.csv
2026-06-29 09:49:41,578 | INFO | Finished zone: NEC
2026-06-29 09:49:41,581 | INFO | Starting zone: SAC
2026-06-29 09:50:00,345 | INFO | Downloaded fresh file: http://sothailand.com/centerimg/SAC_Lag123.csv
2026-06-29 09:50:00,889 | INFO | Downloaded fresh file: http://sothailand.com/centerimg/SAC_test_Lag123.csv
2026-06-29 09:51:05,475 | INFO | Finished zone: SAC
2026-06-29 09:51:05,493 | INFO | ────────────────────────────────────────
2026-06-29 09:51:05,493 | INFO | Auto-adaptation layer
2026-06-29 09:51:05,507 | WARNING | DRIFT WARNING  | MAC | z=2.02 ≥ 1.5 | เฝ้าดู — ยังไม่ trigger correction
2026-06-29 09:51:05,515 | CRITICAL | MAPE ALERT | CAC | Ensemble MAPE=16.39% > 3.0% | BIAS=-1543.1 MW
2026-06-29 09:51:05,515 | CRITICAL | MAPE ALERT | CAC | Ensemble MAPE=16.38% > 3.0% | BIAS=-1536.1 MW
2026-06-29 09:51:05,515 | CRITICAL | MAPE ALERT | MAC | Ensemble MAPE=20.17% > 3.0% | BIAS=-2085.9 MW
2026-06-29 09:51:05,516 | CRITICAL | MAPE ALERT | MAC | Ensemble MAPE=20.04% > 3.0% | BIAS=-2071.8 MW
2026-06-29 09:51:05,516 | CRITICAL | MAPE ALERT | NAC | Ensemble MAPE=18.89% > 3.0% | BIAS=-435.4 MW
2026-06-29 09:51:05,517 | CRITICAL | MAPE ALERT | NAC | Ensemble MAPE=18.77% > 3.0% | BIAS=-432.8 MW
2026-06-29 09:51:05,517 | CRITICAL | MAPE ALERT | NEC | Ensemble MAPE=13.58% > 3.0% | BIAS=-373.3 MW
2026-06-29 09:51:05,517 | CRITICAL | MAPE ALERT | NEC | Ensemble MAPE=13.47% > 3.0% | BIAS=-368.2 MW
2026-06-29 09:51:05,518 | CRITICAL | MAPE ALERT | SAC | Ensemble MAPE=13.53% > 3.0% | BIAS=-283.7 MW
2026-06-29 09:51:05,518 | CRITICAL | MAPE ALERT | SAC | Ensemble MAPE=13.73% > 3.0% | BIAS=-288.9 MW
2026-06-29 09:51:05,518 | CRITICAL | MAPE ALERTS: 10 ภาคที่ต้องการตรวจสอบ
2026-06-29 09:51:05,538 | INFO | Bias correction | CAC | UNDER-predict 1167.4 MW avg จาก 472 rows → +1167.4 MW จะถูกบวกใน future predictions
2026-06-29 09:51:05,539 | INFO | Bias correction | MAC | UNDER-predict 1577.0 MW avg จาก 472 rows → +1577.0 MW จะถูกบวกใน future predictions
2026-06-29 09:51:05,540 | INFO | Bias correction | NAC | UNDER-predict 298.1 MW avg จาก 472 rows → +298.1 MW จะถูกบวกใน future predictions
2026-06-29 09:51:05,540 | INFO | Bias correction | NEC | UNDER-predict 340.9 MW avg จาก 472 rows → +340.9 MW จะถูกบวกใน future predictions
2026-06-29 09:51:05,540 | INFO | Bias correction | SAC | UNDER-predict 216.2 MW avg จาก 472 rows → +216.2 MW จะถูกบวกใน future predictions
2026-06-29 09:51:05,541 | INFO | Bias corrections applied: {'CAC': '+1167.4 MW', 'MAC': '+1577.0 MW', 'NAC': '+298.1 MW', 'NEC': '+340.9 MW', 'SAC': '+216.2 MW'}
2026-06-29 09:51:05,558 | INFO | Optimal weights updated | XGB=25.2% LGBM=74.8% LSTM=0.0% → MAPE 10.885% (2360 scored rows)
2026-06-29 09:51:05,558 | INFO | Optimal weights updated for next run: XGB=25.2% LGBM=74.8% LSTM=0.0%
2026-06-29 09:51:05,558 | INFO | ────────────────────────────────────────
2026-06-29 09:51:05,727 | INFO | CSV exports complete
2026-06-29 09:51:05,765 | INFO | Decision dashboard built (5 zones)
2026-06-29 09:51:06,583 | INFO | Excel report → /Users/noeiibibi/Documents/multi-region-load-forecasting/Egat_forecasting/output/load_forecast_report.xlsx
2026-06-29 09:51:06,583 | INFO | Pipeline finished successfully (run_timestamp=20260629_094258)
2026-06-29 09:51:06,583 | INFO | ════════════════════════════════════════════════════════════
2026-06-29 13:25:44,144 | INFO | ════════════════════════════════════════════════════════════
2026-06-29 13:25:44,144 | INFO | Pipeline started  (run_timestamp=20260629_132544)
2026-06-29 13:25:44,145 | INFO | Loaded optimal weights: XGB=25.2% LGBM=74.8% LSTM=0.0% (MAPE 10.885% จาก 2360 rows ณ 2026-06-29T09:51:05)
2026-06-29 13:25:44,145 | INFO | Starting zone: CAC
2026-06-29 13:26:03,330 | INFO | Downloaded fresh file: http://sothailand.com/centerimg/CAC_Lag123.csv
2026-06-29 13:26:03,849 | INFO | Downloaded fresh file: http://sothailand.com/centerimg/CAC_test_Lag123.csv
2026-06-29 13:27:07,818 | INFO | Finished zone: CAC
2026-06-29 13:27:07,820 | INFO | Starting zone: MAC
2026-06-29 13:27:24,390 | INFO | Downloaded fresh file: http://sothailand.com/centerimg/MAC_Lag123.csv
2026-06-29 13:27:24,872 | INFO | Downloaded fresh file: http://sothailand.com/centerimg/MAC_test_Lag123.csv
2026-06-29 13:28:27,962 | INFO | Finished zone: MAC
2026-06-29 13:28:27,964 | INFO | Starting zone: NAC
2026-06-29 13:28:44,390 | INFO | Downloaded fresh file: http://sothailand.com/centerimg/NAC_Lag123.csv
2026-06-29 13:28:44,958 | INFO | Downloaded fresh file: http://sothailand.com/centerimg/NAC_test_Lag123.csv
2026-06-29 13:29:48,680 | INFO | Finished zone: NAC
2026-06-29 13:29:48,682 | INFO | Starting zone: NEC
2026-06-29 13:30:11,529 | INFO | Downloaded fresh file: http://sothailand.com/centerimg/NEC_Lag123.csv
2026-06-29 13:30:11,991 | INFO | Downloaded fresh file: http://sothailand.com/centerimg/NEC_test_Lag123.csv
2026-06-29 13:32:00,207 | INFO | Finished zone: NEC
2026-06-29 13:32:00,210 | INFO | Starting zone: SAC
2026-06-29 13:32:18,720 | INFO | Downloaded fresh file: http://sothailand.com/centerimg/SAC_Lag123.csv
2026-06-29 13:32:19,275 | INFO | Downloaded fresh file: http://sothailand.com/centerimg/SAC_test_Lag123.csv
2026-06-29 13:33:23,118 | INFO | Finished zone: SAC
2026-06-29 13:33:23,130 | INFO | ────────────────────────────────────────
2026-06-29 13:33:23,130 | INFO | Auto-adaptation layer
2026-06-29 13:33:23,141 | CRITICAL | MAPE ALERT | CAC | Ensemble MAPE=7.01% > 3.0% | BIAS=-616.6 MW
2026-06-29 13:33:23,144 | CRITICAL | MAPE ALERT | CAC | Ensemble MAPE=5.88% > 3.0% | BIAS=-517.4 MW
2026-06-29 13:33:23,144 | CRITICAL | MAPE ALERTS: 2 ภาคที่ต้องการตรวจสอบ
2026-06-29 13:33:23,161 | INFO | Bias correction | CAC | UNDER-predict 1309.7 MW avg จาก 760 rows → +1309.7 MW จะถูกบวกใน future predictions
2026-06-29 13:33:23,161 | INFO | Bias correction | MAC | UNDER-predict 1769.9 MW avg จาก 760 rows → +1769.9 MW จะถูกบวกใน future predictions
2026-06-29 13:33:23,162 | INFO | Bias correction | NAC | UNDER-predict 350.1 MW avg จาก 760 rows → +350.1 MW จะถูกบวกใน future predictions
2026-06-29 13:33:23,162 | INFO | Bias correction | NEC | UNDER-predict 353.2 MW avg จาก 760 rows → +353.2 MW จะถูกบวกใน future predictions
2026-06-29 13:33:23,163 | INFO | Bias correction | SAC | UNDER-predict 241.8 MW avg จาก 760 rows → +241.8 MW จะถูกบวกใน future predictions
2026-06-29 13:33:23,175 | INFO | Bias corrections applied: {'CAC': '+1309.7 MW', 'MAC': '+1769.9 MW', 'NAC': '+350.1 MW', 'NEC': '+353.2 MW', 'SAC': '+241.8 MW'}
2026-06-29 13:33:23,193 | INFO | Optimal weights updated | XGB=11.2% LGBM=88.8% LSTM=0.0% → MAPE 12.988% (3800 scored rows)
2026-06-29 13:33:23,196 | INFO | Optimal weights updated for next run: XGB=11.2% LGBM=88.8% LSTM=0.0%
2026-06-29 13:33:23,196 | INFO | ────────────────────────────────────────
2026-06-29 13:33:23,348 | INFO | CSV exports complete
2026-06-29 13:33:23,383 | INFO | Decision dashboard built (5 zones)
2026-06-29 13:33:24,390 | INFO | Excel report → /Users/noeiibibi/Documents/multi-region-load-forecasting/Egat_forecasting/output/load_forecast_report.xlsx
2026-06-29 13:33:24,390 | INFO | Pipeline finished successfully (run_timestamp=20260629_132544)
2026-06-29 13:33:24,390 | INFO | ════════════════════════════════════════════════════════════
2026-06-29 15:58:11,835 | INFO | ════════════════════════════════════════════════════════════
2026-06-29 15:58:11,836 | INFO | Pipeline started  (run_timestamp=20260629_155811)
2026-06-29 15:58:11,836 | INFO | Loaded optimal weights: XGB=11.2% LGBM=88.8% LSTM=0.0% (MAPE 12.988% จาก 3800 rows ณ 2026-06-29T13:33:23)
2026-06-29 15:58:11,836 | INFO | Starting zone: CAC
2026-06-29 15:58:33,453 | INFO | Downloaded fresh file: http://sothailand.com/centerimg/CAC_Lag123.csv
2026-06-29 15:58:34,026 | INFO | Downloaded fresh file: http://sothailand.com/centerimg/CAC_test_Lag123.csv
2026-06-29 15:59:37,312 | INFO | Finished zone: CAC
2026-06-29 15:59:37,318 | INFO | Starting zone: MAC
2026-06-29 15:59:55,315 | INFO | Downloaded fresh file: http://sothailand.com/centerimg/MAC_Lag123.csv
2026-06-29 15:59:55,849 | INFO | Downloaded fresh file: http://sothailand.com/centerimg/MAC_test_Lag123.csv
2026-06-29 16:01:12,173 | INFO | Finished zone: MAC
2026-06-29 16:01:12,175 | INFO | Starting zone: NAC
2026-06-29 16:01:36,613 | INFO | Downloaded fresh file: http://sothailand.com/centerimg/NAC_Lag123.csv
2026-06-29 16:01:37,635 | INFO | Downloaded fresh file: http://sothailand.com/centerimg/NAC_test_Lag123.csv
2026-06-29 16:02:54,819 | INFO | Finished zone: NAC
2026-06-29 16:02:54,821 | INFO | Starting zone: NEC
2026-06-29 16:03:12,002 | INFO | Downloaded fresh file: http://sothailand.com/centerimg/NEC_Lag123.csv
2026-06-29 16:03:12,641 | INFO | Downloaded fresh file: http://sothailand.com/centerimg/NEC_test_Lag123.csv
2026-06-29 16:06:56,427 | INFO | Finished zone: NEC
2026-06-29 16:06:56,433 | INFO | Starting zone: SAC
2026-06-29 16:07:15,047 | INFO | Downloaded fresh file: http://sothailand.com/centerimg/SAC_Lag123.csv
2026-06-29 16:07:15,686 | INFO | Downloaded fresh file: http://sothailand.com/centerimg/SAC_test_Lag123.csv
2026-06-29 16:08:18,512 | INFO | Finished zone: SAC
2026-06-29 16:08:18,525 | INFO | ────────────────────────────────────────
2026-06-29 16:08:18,525 | INFO | Auto-adaptation layer
2026-06-29 16:08:18,538 | CRITICAL | MAPE ALERT | CAC | Ensemble MAPE=7.65% > 3.0% | BIAS=-674.4 MW
2026-06-29 16:08:18,542 | CRITICAL | MAPE ALERT | CAC | Ensemble MAPE=7.85% > 3.0% | BIAS=-692.7 MW
2026-06-29 16:08:18,542 | CRITICAL | MAPE ALERT | NAC | Ensemble MAPE=3.98% > 3.0% | BIAS=-91.1 MW
2026-06-29 16:08:18,542 | CRITICAL | MAPE ALERT | NAC | Ensemble MAPE=3.95% > 3.0% | BIAS=-90.4 MW
2026-06-29 16:08:18,543 | CRITICAL | MAPE ALERTS: 4 ภาคที่ต้องการตรวจสอบ
2026-06-29 16:08:18,571 | INFO | Bias correction | CAC | UNDER-predict 1291.1 MW avg จาก 781 rows → +1291.1 MW จะถูกบวกใน future predictions
2026-06-29 16:08:18,571 | INFO | Bias correction | MAC | UNDER-predict 1722.7 MW avg จาก 781 rows → +1722.7 MW จะถูกบวกใน future predictions
2026-06-29 16:08:18,573 | INFO | Bias correction | NAC | UNDER-predict 341.9 MW avg จาก 781 rows → +341.9 MW จะถูกบวกใน future predictions
2026-06-29 16:08:18,574 | INFO | Bias correction | NEC | UNDER-predict 343.7 MW avg จาก 781 rows → +343.7 MW จะถูกบวกใน future predictions
2026-06-29 16:08:18,574 | INFO | Bias correction | SAC | UNDER-predict 235.1 MW avg จาก 781 rows → +235.1 MW จะถูกบวกใน future predictions
2026-06-29 16:08:18,587 | INFO | Bias corrections applied: {'CAC': '+1291.1 MW', 'MAC': '+1722.7 MW', 'NAC': '+341.9 MW', 'NEC': '+343.7 MW', 'SAC': '+235.1 MW'}
2026-06-29 16:08:18,605 | INFO | Optimal weights updated | XGB=22.1% LGBM=77.9% LSTM=0.0% → MAPE 12.709% (3905 scored rows)
2026-06-29 16:08:18,607 | INFO | Optimal weights updated for next run: XGB=22.1% LGBM=77.9% LSTM=0.0%
2026-06-29 16:08:18,607 | INFO | ────────────────────────────────────────
2026-06-29 16:08:18,773 | INFO | CSV exports complete
2026-06-29 16:08:18,810 | INFO | Decision dashboard built (5 zones)
2026-06-29 16:08:19,842 | INFO | Excel report → /Users/noeiibibi/Documents/multi-region-load-forecasting/Egat_forecasting/output/load_forecast_report.xlsx
2026-06-29 16:08:19,842 | INFO | Pipeline finished successfully (run_timestamp=20260629_155811)
2026-06-29 16:08:19,842 | INFO | ════════════════════════════════════════════════════════════
2026-06-30 08:53:19,904 | INFO | ════════════════════════════════════════════════════════════
2026-06-30 08:53:19,904 | INFO | Pipeline started  (run_timestamp=20260630_085319)
2026-06-30 08:53:19,904 | INFO | Loaded optimal weights: XGB=22.1% LGBM=77.9% LSTM=0.0% (MAPE 12.709% จาก 3905 rows ณ 2026-06-29T16:08:18)
2026-06-30 08:53:19,904 | INFO | Starting zone: CAC
2026-06-30 08:53:40,323 | INFO | Downloaded fresh file: http://sothailand.com/centerimg/CAC_Lag123.csv
2026-06-30 08:53:41,034 | INFO | Downloaded fresh file: http://sothailand.com/centerimg/CAC_test_Lag123.csv
2026-06-30 08:53:58,673 | INFO | Finished zone: CAC
2026-06-30 08:53:58,676 | INFO | Starting zone: MAC
2026-06-30 08:54:15,661 | INFO | Downloaded fresh file: http://sothailand.com/centerimg/MAC_Lag123.csv
2026-06-30 08:54:16,113 | INFO | Downloaded fresh file: http://sothailand.com/centerimg/MAC_test_Lag123.csv
2026-06-30 08:54:30,743 | INFO | Finished zone: MAC
2026-06-30 08:54:30,746 | INFO | Starting zone: NAC
2026-06-30 08:54:47,816 | INFO | Downloaded fresh file: http://sothailand.com/centerimg/NAC_Lag123.csv
2026-06-30 08:54:48,307 | INFO | Downloaded fresh file: http://sothailand.com/centerimg/NAC_test_Lag123.csv
2026-06-30 08:55:02,854 | INFO | Finished zone: NAC
2026-06-30 08:55:02,856 | INFO | Starting zone: NEC
2026-06-30 08:55:20,448 | INFO | Downloaded fresh file: http://sothailand.com/centerimg/NEC_Lag123.csv
2026-06-30 08:55:20,839 | INFO | Downloaded fresh file: http://sothailand.com/centerimg/NEC_test_Lag123.csv
2026-06-30 08:56:17,597 | INFO | Finished zone: NEC
2026-06-30 08:56:17,598 | INFO | Starting zone: SAC
2026-06-30 08:56:34,636 | INFO | Downloaded fresh file: http://sothailand.com/centerimg/SAC_Lag123.csv
2026-06-30 08:56:35,988 | INFO | Downloaded fresh file: http://sothailand.com/centerimg/SAC_test_Lag123.csv
2026-06-30 08:56:50,368 | INFO | Finished zone: SAC
2026-06-30 08:56:50,375 | INFO | ────────────────────────────────────────
2026-06-30 08:56:50,375 | INFO | Auto-adaptation layer
2026-06-30 08:56:50,383 | CRITICAL | MAPE ALERT | CAC | Ensemble MAPE=6.62% > 3.0% | BIAS=-583.2 MW
2026-06-30 08:56:50,386 | CRITICAL | MAPE ALERT | CAC | Ensemble MAPE=7.00% > 3.0% | BIAS=-617.4 MW
2026-06-30 08:56:50,386 | CRITICAL | MAPE ALERTS: 2 ภาคที่ต้องการตรวจสอบ
2026-06-30 08:56:50,403 | INFO | Bias correction | CAC | UNDER-predict 1275.0 MW avg จาก 802 rows → +1275.0 MW จะถูกบวกใน future predictions
2026-06-30 08:56:50,404 | INFO | Bias correction | MAC | UNDER-predict 1678.9 MW avg จาก 802 rows → +1678.9 MW จะถูกบวกใน future predictions
2026-06-30 08:56:50,404 | INFO | Bias correction | NAC | UNDER-predict 335.3 MW avg จาก 802 rows → +335.3 MW จะถูกบวกใน future predictions
2026-06-30 08:56:50,404 | INFO | Bias correction | NEC | UNDER-predict 336.7 MW avg จาก 802 rows → +336.7 MW จะถูกบวกใน future predictions
2026-06-30 08:56:50,405 | INFO | Bias correction | SAC | UNDER-predict 228.5 MW avg จาก 802 rows → +228.5 MW จะถูกบวกใน future predictions
2026-06-30 08:56:50,416 | INFO | Bias corrections applied: {'CAC': '+1275.0 MW', 'MAC': '+1678.9 MW', 'NAC': '+335.3 MW', 'NEC': '+336.7 MW', 'SAC': '+228.5 MW'}
2026-06-30 08:56:50,432 | INFO | Optimal weights updated | XGB=21.9% LGBM=78.1% LSTM=0.0% → MAPE 12.462% (4010 scored rows)
2026-06-30 08:56:50,433 | INFO | Optimal weights updated for next run: XGB=21.9% LGBM=78.1% LSTM=0.0%
2026-06-30 08:56:50,433 | INFO | ────────────────────────────────────────
2026-06-30 08:56:50,596 | INFO | CSV exports complete
2026-06-30 08:56:50,636 | INFO | Decision dashboard built (5 zones)
2026-06-30 08:56:51,359 | INFO | Excel report → /Users/noeiibibi/Documents/multi-region-load-forecasting/Egat_forecasting/output/load_forecast_report.xlsx
2026-06-30 08:56:51,359 | INFO | Pipeline finished successfully (run_timestamp=20260630_085319)
2026-06-30 08:56:51,359 | INFO | ════════════════════════════════════════════════════════════
2026-06-30 09:30:44,387 | INFO | ════════════════════════════════════════════════════════════
2026-06-30 09:30:44,387 | INFO | Pipeline started  (run_timestamp=20260630_093044)
2026-06-30 09:30:44,388 | INFO | Loaded optimal weights: XGB=21.9% LGBM=78.1% LSTM=0.0% (MAPE 12.462% จาก 4010 rows ณ 2026-06-30T08:56:50)
2026-06-30 09:30:44,388 | INFO | Starting zone: CAC
2026-06-30 09:31:06,504 | INFO | Downloaded fresh file: http://sothailand.com/centerimg/CAC_Lag123.csv
2026-06-30 09:31:07,058 | INFO | Downloaded fresh file: http://sothailand.com/centerimg/CAC_test_Lag123.csv
2026-06-30 09:31:24,658 | INFO | Finished zone: CAC
2026-06-30 09:31:24,663 | INFO | Starting zone: MAC
2026-06-30 09:31:40,453 | INFO | Downloaded fresh file: http://sothailand.com/centerimg/MAC_Lag123.csv
2026-06-30 09:31:41,021 | INFO | Downloaded fresh file: http://sothailand.com/centerimg/MAC_test_Lag123.csv
2026-06-30 09:31:55,216 | INFO | Finished zone: MAC
2026-06-30 09:31:55,218 | INFO | Starting zone: NAC
2026-06-30 09:32:11,160 | INFO | Downloaded fresh file: http://sothailand.com/centerimg/NAC_Lag123.csv
2026-06-30 09:32:11,615 | INFO | Downloaded fresh file: http://sothailand.com/centerimg/NAC_test_Lag123.csv
2026-06-30 09:32:25,731 | INFO | Finished zone: NAC
2026-06-30 09:32:25,732 | INFO | Starting zone: NEC
2026-06-30 09:32:43,531 | INFO | Downloaded fresh file: http://sothailand.com/centerimg/NEC_Lag123.csv
2026-06-30 09:32:44,067 | INFO | Downloaded fresh file: http://sothailand.com/centerimg/NEC_test_Lag123.csv
2026-06-30 09:33:41,452 | INFO | Finished zone: NEC
2026-06-30 09:33:41,453 | INFO | Starting zone: SAC
2026-06-30 09:33:57,915 | INFO | Downloaded fresh file: http://sothailand.com/centerimg/SAC_Lag123.csv
2026-06-30 09:33:58,385 | INFO | Downloaded fresh file: http://sothailand.com/centerimg/SAC_test_Lag123.csv
2026-06-30 09:34:12,664 | INFO | Finished zone: SAC
2026-06-30 09:34:12,682 | INFO | ────────────────────────────────────────
2026-06-30 09:34:12,682 | INFO | Auto-adaptation layer
2026-06-30 09:34:12,690 | CRITICAL | MAPE ALERT | CAC | Ensemble MAPE=6.62% > 3.0% | BIAS=-583.0 MW
2026-06-30 09:34:12,693 | CRITICAL | MAPE ALERT | CAC | Ensemble MAPE=7.00% > 3.0% | BIAS=-617.4 MW
2026-06-30 09:34:12,693 | CRITICAL | MAPE ALERTS: 2 ภาคที่ต้องการตรวจสอบ
2026-06-30 09:34:12,712 | INFO | Bias correction | CAC | UNDER-predict 1257.3 MW avg จาก 823 rows → +1257.3 MW จะถูกบวกใน future predictions
2026-06-30 09:34:12,712 | INFO | Bias correction | MAC | UNDER-predict 1637.8 MW avg จาก 823 rows → +1637.8 MW จะถูกบวกใน future predictions
2026-06-30 09:34:12,713 | INFO | Bias correction | NAC | UNDER-predict 328.3 MW avg จาก 823 rows → +328.3 MW จะถูกบวกใน future predictions
2026-06-30 09:34:12,713 | INFO | Bias correction | NEC | UNDER-predict 329.3 MW avg จาก 823 rows → +329.3 MW จะถูกบวกใน future predictions
2026-06-30 09:34:12,713 | INFO | Bias correction | SAC | UNDER-predict 222.6 MW avg จาก 823 rows → +222.6 MW จะถูกบวกใน future predictions
2026-06-30 09:34:12,726 | INFO | Bias corrections applied: {'CAC': '+1257.3 MW', 'MAC': '+1637.8 MW', 'NAC': '+328.3 MW', 'NEC': '+329.3 MW', 'SAC': '+222.6 MW'}
2026-06-30 09:34:12,745 | INFO | Optimal weights updated | XGB=20.5% LGBM=79.5% LSTM=0.0% → MAPE 12.218% (4115 scored rows)
2026-06-30 09:34:12,745 | INFO | Optimal weights updated for next run: XGB=20.5% LGBM=79.5% LSTM=0.0%
2026-06-30 09:34:12,745 | INFO | ────────────────────────────────────────
2026-06-30 09:34:12,914 | INFO | CSV exports complete
2026-06-30 09:34:12,956 | INFO | Decision dashboard built (5 zones)
2026-06-30 09:34:13,684 | INFO | Excel report → /Users/noeiibibi/Documents/multi-region-load-forecasting/Egat_forecasting/output/load_forecast_report.xlsx
2026-06-30 09:34:13,684 | INFO | Pipeline finished successfully (run_timestamp=20260630_093044)
2026-06-30 09:34:13,684 | INFO | ════════════════════════════════════════════════════════════
2026-06-30 13:49:42,726 | INFO | ════════════════════════════════════════════════════════════
2026-06-30 13:49:42,726 | INFO | Pipeline started  (run_timestamp=20260630_134942)
2026-06-30 13:49:42,727 | INFO | Loaded optimal weights: XGB=20.5% LGBM=79.5% LSTM=0.0% (MAPE 12.217% จาก 4115 rows ณ 2026-06-30T09:34:12)
2026-06-30 13:49:42,727 | INFO | Starting zone: CAC
2026-06-30 13:50:00,853 | INFO | Downloaded fresh file: http://sothailand.com/centerimg/CAC_Lag123.csv
2026-06-30 13:50:01,452 | INFO | Downloaded fresh file: http://sothailand.com/centerimg/CAC_test_Lag123.csv
2026-06-30 13:50:19,017 | INFO | Finished zone: CAC
2026-06-30 13:50:19,019 | INFO | Starting zone: MAC
2026-06-30 13:50:35,937 | INFO | Downloaded fresh file: http://sothailand.com/centerimg/MAC_Lag123.csv
2026-06-30 13:50:36,546 | INFO | Downloaded fresh file: http://sothailand.com/centerimg/MAC_test_Lag123.csv
2026-06-30 13:50:51,588 | INFO | Finished zone: MAC
2026-06-30 13:50:51,589 | INFO | Starting zone: NAC
2026-06-30 13:51:07,450 | INFO | Downloaded fresh file: http://sothailand.com/centerimg/NAC_Lag123.csv
2026-06-30 13:51:07,941 | INFO | Downloaded fresh file: http://sothailand.com/centerimg/NAC_test_Lag123.csv
2026-06-30 13:51:22,488 | INFO | Finished zone: NAC
2026-06-30 13:51:22,492 | INFO | Starting zone: NEC
2026-06-30 13:51:38,769 | INFO | Downloaded fresh file: http://sothailand.com/centerimg/NEC_Lag123.csv
2026-06-30 13:51:39,326 | INFO | Downloaded fresh file: http://sothailand.com/centerimg/NEC_test_Lag123.csv
2026-06-30 13:51:54,709 | INFO | Finished zone: NEC
2026-06-30 13:51:54,711 | INFO | Starting zone: SAC
2026-06-30 13:52:12,516 | INFO | Downloaded fresh file: http://sothailand.com/centerimg/SAC_Lag123.csv
2026-06-30 13:52:12,949 | INFO | Downloaded fresh file: http://sothailand.com/centerimg/SAC_test_Lag123.csv
2026-06-30 13:52:30,021 | INFO | Finished zone: SAC
2026-06-30 13:52:30,032 | INFO | ────────────────────────────────────────
2026-06-30 13:52:30,032 | INFO | Auto-adaptation layer
2026-06-30 13:52:30,046 | CRITICAL | MAPE ALERT | MAC | Ensemble MAPE=3.97% > 3.0% | BIAS=295.3 MW
2026-06-30 13:52:30,050 | CRITICAL | MAPE ALERT | MAC | Ensemble MAPE=4.08% > 3.0% | BIAS=301.8 MW
2026-06-30 13:52:30,050 | CRITICAL | MAPE ALERT | NEC | Ensemble MAPE=3.67% > 3.0% | BIAS=111.1 MW
2026-06-30 13:52:30,051 | CRITICAL | MAPE ALERT | NEC | Ensemble MAPE=3.66% > 3.0% | BIAS=110.9 MW
2026-06-30 13:52:30,051 | CRITICAL | MAPE ALERTS: 4 ภาคที่ต้องการตรวจสอบ
2026-06-30 13:52:30,089 | INFO | Bias correction | CAC | UNDER-predict 1240.5 MW avg จาก 844 rows → +1240.5 MW จะถูกบวกใน future predictions
2026-06-30 13:52:30,090 | INFO | Bias correction | MAC | UNDER-predict 1598.6 MW avg จาก 844 rows → +1598.6 MW จะถูกบวกใน future predictions
2026-06-30 13:52:30,090 | INFO | Bias correction | NAC | UNDER-predict 321.7 MW avg จาก 844 rows → +321.7 MW จะถูกบวกใน future predictions
2026-06-30 13:52:30,091 | INFO | Bias correction | NEC | UNDER-predict 322.3 MW avg จาก 844 rows → +322.3 MW จะถูกบวกใน future predictions
2026-06-30 13:52:30,091 | INFO | Bias correction | SAC | UNDER-predict 216.9 MW avg จาก 844 rows → +216.9 MW จะถูกบวกใน future predictions
2026-06-30 13:52:30,107 | INFO | Bias corrections applied: {'CAC': '+1240.5 MW', 'MAC': '+1598.6 MW', 'NAC': '+321.7 MW', 'NEC': '+322.3 MW', 'SAC': '+216.9 MW'}
2026-06-30 13:52:30,128 | INFO | Optimal weights updated | XGB=20.1% LGBM=79.9% LSTM=0.0% → MAPE 11.985% (4220 scored rows)
2026-06-30 13:52:30,129 | INFO | Optimal weights updated for next run: XGB=20.1% LGBM=79.9% LSTM=0.0%
2026-06-30 13:52:30,129 | INFO | ────────────────────────────────────────
2026-06-30 13:52:30,318 | INFO | CSV exports complete
2026-06-30 13:52:30,361 | INFO | Decision dashboard built (5 zones)
2026-06-30 13:52:31,119 | INFO | Excel report → /Users/noeiibibi/Documents/multi-region-load-forecasting/Egat_forecasting/output/load_forecast_report.xlsx
2026-06-30 13:52:31,119 | INFO | Pipeline finished successfully (run_timestamp=20260630_134942)
2026-06-30 13:52:31,119 | INFO | ════════════════════════════════════════════════════════════
